<?xml version="1.0" encoding="UTF-8"?>
<!-- Generated by org.testng.reporters.JUnitReportReporter -->
<testsuite hostname="DESKTOP-E04IP3T" failures="0" tests="2" name="com.tests.DashboardTest" time="3.379" errors="0" timestamp="25 Jul 2024 11:01:06 GMT" skipped="0">
  <testcase classname="com.tests.DashboardTest" name="test01" time="3.196"/>
  <testcase classname="com.tests.DashboardTest" name="test02" time="0.183"/>
</testsuite> <!-- com.tests.DashboardTest -->
