<?xml version="1.0" encoding="UTF-8"?>
<!-- Generated by org.testng.reporters.JUnitReportReporter -->
<testsuite hostname="DESKTOP-E04IP3T" failures="0" tests="2" name="com.tests.UserTest" time="2.070" errors="0" timestamp="25 Jul 2024 11:01:06 GMT" skipped="0">
  <testcase classname="com.tests.UserTest" name="test02" time="0.374"/>
  <testcase classname="com.tests.UserTest" name="test01" time="1.696"/>
</testsuite> <!-- com.tests.UserTest -->
