<?xml version="1.0" encoding="UTF-8"?>
<!-- Generated by org.testng.reporters.JUnitReportReporter -->
<testsuite hostname="DESKTOP-E04IP3T" failures="0" tests="2" name="com.tests.LoginTest" time="5.747" errors="0" timestamp="06 Aug 2024 10:28:52 GMT" skipped="0">
  <testcase classname="com.tests.LoginTest" name="loginWithInvalidCredentials" time="2.829"/>
  <testcase classname="com.tests.LoginTest" name="validcredentials02" time="2.918"/>
</testsuite> <!-- com.tests.LoginTest -->
