<?xml version="1.0" encoding="UTF-8"?>
<!-- Generated by org.testng.reporters.JUnitReportReporter -->
<testsuite hostname="DESKTOP-E04IP3T" failures="0" tests="1" name="com.tests.ProductCheckoutTest" time="8.488" errors="0" timestamp="12 Aug 2024 11:42:35 GMT" skipped="0">
  <testcase classname="com.tests.ProductCheckoutTest" name="test01" time="8.488"/>
</testsuite> <!-- com.tests.ProductCheckoutTest -->
