<?xml version="1.0" encoding="UTF-8"?>
<!-- Generated by org.testng.reporters.JUnitReportReporter -->
<testsuite hostname="DESKTOP-E04IP3T" failures="0" tests="1" name="com.tests.HomeTest" time="4.972" errors="0" timestamp="13 Aug 2024 11:34:39 GMT" skipped="0">
  <testcase classname="com.tests.HomeTest" name="test01" time="4.972"/>
</testsuite> <!-- com.tests.HomeTest -->
